c:\users\anderson_paschoalon\workspace\_personal\online-courses\udemy\modern-cpp-concurrency-in-depth\src\moderncppconcurrency\x64\debug\vc142.pdb
c:\users\anderson_paschoalon\workspace\_personal\online-courses\udemy\modern-cpp-concurrency-in-depth\src\moderncppconcurrency\x64\debug\vc142.idb
c:\users\anderson_paschoalon\workspace\_personal\online-courses\udemy\modern-cpp-concurrency-in-depth\src\moderncppconcurrency\x64\debug\utils.obj
c:\users\anderson_paschoalon\workspace\_personal\online-courses\udemy\modern-cpp-concurrency-in-depth\src\moderncppconcurrency\x64\debug\threadsafestack2.obj
c:\users\anderson_paschoalon\workspace\_personal\online-courses\udemy\modern-cpp-concurrency-in-depth\src\moderncppconcurrency\x64\debug\threadsafestack.obj
c:\users\anderson_paschoalon\workspace\_personal\online-courses\udemy\modern-cpp-concurrency-in-depth\src\moderncppconcurrency\x64\debug\threadsafequeue.obj
c:\users\anderson_paschoalon\workspace\_personal\online-courses\udemy\modern-cpp-concurrency-in-depth\src\moderncppconcurrency\x64\debug\sequential_queue.obj
c:\users\anderson_paschoalon\workspace\_personal\online-courses\udemy\modern-cpp-concurrency-in-depth\src\moderncppconcurrency\x64\debug\section04.obj
c:\users\anderson_paschoalon\workspace\_personal\online-courses\udemy\modern-cpp-concurrency-in-depth\src\moderncppconcurrency\x64\debug\section03.obj
c:\users\anderson_paschoalon\workspace\_personal\online-courses\udemy\modern-cpp-concurrency-in-depth\src\moderncppconcurrency\x64\debug\section02.obj
c:\users\anderson_paschoalon\workspace\_personal\online-courses\udemy\modern-cpp-concurrency-in-depth\src\moderncppconcurrency\x64\debug\section01.obj
c:\users\anderson_paschoalon\workspace\_personal\online-courses\udemy\modern-cpp-concurrency-in-depth\src\moderncppconcurrency\x64\debug\s4_thread_safe_queue2.obj
c:\users\anderson_paschoalon\workspace\_personal\online-courses\udemy\modern-cpp-concurrency-in-depth\src\moderncppconcurrency\x64\debug\s4_thread_safe_queue.obj
c:\users\anderson_paschoalon\workspace\_personal\online-courses\udemy\modern-cpp-concurrency-in-depth\src\moderncppconcurrency\x64\debug\main.obj
c:\users\anderson_paschoalon\workspace\_personal\online-courses\udemy\modern-cpp-concurrency-in-depth\src\moderncppconcurrency\x64\debug\moderncppconcurrency.ilk
c:\users\anderson_paschoalon\workspace\_personal\online-courses\udemy\modern-cpp-concurrency-in-depth\src\x64\debug\moderncppconcurrency.exe
c:\users\anderson_paschoalon\workspace\_personal\online-courses\udemy\modern-cpp-concurrency-in-depth\src\x64\debug\moderncppconcurrency.pdb
c:\users\anderson_paschoalon\workspace\_personal\online-courses\udemy\modern-cpp-concurrency-in-depth\src\moderncppconcurrency\x64\debug\moderncp.ae21577a.tlog\cl.command.1.tlog
c:\users\anderson_paschoalon\workspace\_personal\online-courses\udemy\modern-cpp-concurrency-in-depth\src\moderncppconcurrency\x64\debug\moderncp.ae21577a.tlog\cl.read.1.tlog
c:\users\anderson_paschoalon\workspace\_personal\online-courses\udemy\modern-cpp-concurrency-in-depth\src\moderncppconcurrency\x64\debug\moderncp.ae21577a.tlog\cl.write.1.tlog
c:\users\anderson_paschoalon\workspace\_personal\online-courses\udemy\modern-cpp-concurrency-in-depth\src\moderncppconcurrency\x64\debug\moderncp.ae21577a.tlog\link.command.1.tlog
c:\users\anderson_paschoalon\workspace\_personal\online-courses\udemy\modern-cpp-concurrency-in-depth\src\moderncppconcurrency\x64\debug\moderncp.ae21577a.tlog\link.read.1.tlog
c:\users\anderson_paschoalon\workspace\_personal\online-courses\udemy\modern-cpp-concurrency-in-depth\src\moderncppconcurrency\x64\debug\moderncp.ae21577a.tlog\link.write.1.tlog
